<?xml version="1.0" encoding="UTF-8"?>
<testsuite xmlns:xsi="http://www.w3.org/2001/XMLSchema-instance" xsi:noNamespaceSchemaLocation="https://maven.apache.org/surefire/maven-surefire-plugin/xsd/surefire-test-report-3.0.xsd" version="3.0" name="test.java.com.example.TestCases" time="0.069" tests="13" errors="0" skipped="0" failures="0">
  <properties>
[...]
</properties>
  <testcase name="test10" classname="test.java.com.example.TestCases" time="0.02">
    <system-out><![CDATA[Testing Starting.
]]></system-out>
    <system-err><![CDATA[Feb. 28, 2024 10:46:53 P.M. org.junit.jupiter.engine.descriptor.JupiterTestDescriptor lambda$getTags$1
WARNING: Configuration error: invalid tag syntax in @Tag("Tests for NextDate method") declaration on [class test.java.com.example.TestCases]. Tag will be ignored.
Feb. 28, 2024 10:46:53 P.M. org.junit.jupiter.engine.descriptor.JupiterTestDescriptor lambda$getTags$1
WARNING: Configuration error: invalid tag syntax in @Tag("Invalid Date Inputs Test") declaration on [public void test.java.com.example.TestCases.test10()]. Tag will be ignored.
Feb. 28, 2024 10:46:53 P.M. org.junit.jupiter.engine.descriptor.JupiterTestDescriptor lambda$getTags$1
WARNING: Configuration error: invalid tag syntax in @Tag("Leap Year Date Test") declaration on [public void test.java.com.example.TestCases.test11()]. Tag will be ignored.
Feb. 28, 2024 10:46:53 P.M. org.junit.jupiter.engine.descriptor.JupiterTestDescriptor lambda$getTags$1
WARNING: Configuration error: invalid tag syntax in @Tag("Leap Year Date Test") declaration on [public void test.java.com.example.TestCases.test12()]. Tag will be ignored.
Feb. 28, 2024 10:46:53 P.M. org.junit.jupiter.engine.descriptor.JupiterTestDescriptor lambda$getTags$1
WARNING: Configuration error: invalid tag syntax in @Tag("Leap Year Date Test") declaration on [public void test.java.com.example.TestCases.test13()]. Tag will be ignored.
Feb. 28, 2024 10:46:53 P.M. org.junit.jupiter.engine.descriptor.JupiterTestDescriptor lambda$getTags$1
WARNING: Configuration error: invalid tag syntax in @Tag("Valid Test") declaration on [public void test.java.com.example.TestCases.test1()]. Tag will be ignored.
Feb. 28, 2024 10:46:53 P.M. org.junit.jupiter.engine.descriptor.JupiterTestDescriptor lambda$getTags$1
WARNING: Configuration error: invalid tag syntax in @Tag("Valid Test") declaration on [public void test.java.com.example.TestCases.test2()]. Tag will be ignored.
Feb. 28, 2024 10:46:53 P.M. org.junit.jupiter.engine.descriptor.JupiterTestDescriptor lambda$getTags$1
WARNING: Configuration error: invalid tag syntax in @Tag("Valid Test") declaration on [public void test.java.com.example.TestCases.test3()]. Tag will be ignored.
Feb. 28, 2024 10:46:53 P.M. org.junit.jupiter.engine.descriptor.JupiterTestDescriptor lambda$getTags$1
WARNING: Configuration error: invalid tag syntax in @Tag("Boundary Value Test") declaration on [public void test.java.com.example.TestCases.test4()]. Tag will be ignored.
Feb. 28, 2024 10:46:53 P.M. org.junit.jupiter.engine.descriptor.JupiterTestDescriptor lambda$getTags$1
WARNING: Configuration error: invalid tag syntax in @Tag("Boundary Value test") declaration on [public void test.java.com.example.TestCases.test5()]. Tag will be ignored.
Feb. 28, 2024 10:46:53 P.M. org.junit.jupiter.engine.descriptor.JupiterTestDescriptor lambda$getTags$1
WARNING: Configuration error: invalid tag syntax in @Tag("Boundary Test") declaration on [public void test.java.com.example.TestCases.test6()]. Tag will be ignored.
Feb. 28, 2024 10:46:53 P.M. org.junit.jupiter.engine.descriptor.JupiterTestDescriptor lambda$getTags$1
WARNING: Configuration error: invalid tag syntax in @Tag("Boundary Test") declaration on [public void test.java.com.example.TestCases.test7()]. Tag will be ignored.
Feb. 28, 2024 10:46:53 P.M. org.junit.jupiter.engine.descriptor.JupiterTestDescriptor lambda$getTags$1
WARNING: Configuration error: invalid tag syntax in @Tag("Invalid Date Inputs Test") declaration on [public void test.java.com.example.TestCases.test8()]. Tag will be ignored.
Feb. 28, 2024 10:46:53 P.M. org.junit.jupiter.engine.descriptor.JupiterTestDescriptor lambda$getTags$1
WARNING: Configuration error: invalid tag syntax in @Tag("Invalid Date Inputs Test") declaration on [public void test.java.com.example.TestCases.test9()]. Tag will be ignored.
Feb. 28, 2024 10:46:53 P.M. org.junit.jupiter.engine.descriptor.JupiterTestDescriptor lambda$getTags$1
WARNING: Configuration error: invalid tag syntax in @Tag("Tests for NextDate method") declaration on [class test.java.com.example.TestCases]. Tag will be ignored.
Feb. 28, 2024 10:46:53 P.M. org.junit.jupiter.engine.descriptor.JupiterTestDescriptor lambda$getTags$1
WARNING: Configuration error: invalid tag syntax in @Tag("Invalid Date Inputs Test") declaration on [public void test.java.com.example.TestCases.test10()]. Tag will be ignored.
Feb. 28, 2024 10:46:53 P.M. org.junit.jupiter.engine.descriptor.JupiterTestDescriptor lambda$getTags$1
WARNING: Configuration error: invalid tag syntax in @Tag("Leap Year Date Test") declaration on [public void test.java.com.example.TestCases.test11()]. Tag will be ignored.
Feb. 28, 2024 10:46:53 P.M. org.junit.jupiter.engine.descriptor.JupiterTestDescriptor lambda$getTags$1
WARNING: Configuration error: invalid tag syntax in @Tag("Leap Year Date Test") declaration on [public void test.java.com.example.TestCases.test12()]. Tag will be ignored.
Feb. 28, 2024 10:46:53 P.M. org.junit.jupiter.engine.descriptor.JupiterTestDescriptor lambda$getTags$1
WARNING: Configuration error: invalid tag syntax in @Tag("Leap Year Date Test") declaration on [public void test.java.com.example.TestCases.test13()]. Tag will be ignored.
Feb. 28, 2024 10:46:53 P.M. org.junit.jupiter.engine.descriptor.JupiterTestDescriptor lambda$getTags$1
WARNING: Configuration error: invalid tag syntax in @Tag("Valid Test") declaration on [public void test.java.com.example.TestCases.test1()]. Tag will be ignored.
Feb. 28, 2024 10:46:53 P.M. org.junit.jupiter.engine.descriptor.JupiterTestDescriptor lambda$getTags$1
WARNING: Configuration error: invalid tag syntax in @Tag("Valid Test") declaration on [public void test.java.com.example.TestCases.test2()]. Tag will be ignored.
Feb. 28, 2024 10:46:53 P.M. org.junit.jupiter.engine.descriptor.JupiterTestDescriptor lambda$getTags$1
WARNING: Configuration error: invalid tag syntax in @Tag("Valid Test") declaration on [public void test.java.com.example.TestCases.test3()]. Tag will be ignored.
Feb. 28, 2024 10:46:53 P.M. org.junit.jupiter.engine.descriptor.JupiterTestDescriptor lambda$getTags$1
WARNING: Configuration error: invalid tag syntax in @Tag("Boundary Value Test") declaration on [public void test.java.com.example.TestCases.test4()]. Tag will be ignored.
Feb. 28, 2024 10:46:53 P.M. org.junit.jupiter.engine.descriptor.JupiterTestDescriptor lambda$getTags$1
WARNING: Configuration error: invalid tag syntax in @Tag("Boundary Value test") declaration on [public void test.java.com.example.TestCases.test5()]. Tag will be ignored.
Feb. 28, 2024 10:46:53 P.M. org.junit.jupiter.engine.descriptor.JupiterTestDescriptor lambda$getTags$1
WARNING: Configuration error: invalid tag syntax in @Tag("Boundary Test") declaration on [public void test.java.com.example.TestCases.test6()]. Tag will be ignored.
Feb. 28, 2024 10:46:53 P.M. org.junit.jupiter.engine.descriptor.JupiterTestDescriptor lambda$getTags$1
WARNING: Configuration error: invalid tag syntax in @Tag("Boundary Test") declaration on [public void test.java.com.example.TestCases.test7()]. Tag will be ignored.
Feb. 28, 2024 10:46:53 P.M. org.junit.jupiter.engine.descriptor.JupiterTestDescriptor lambda$getTags$1
WARNING: Configuration error: invalid tag syntax in @Tag("Invalid Date Inputs Test") declaration on [public void test.java.com.example.TestCases.test8()]. Tag will be ignored.
Feb. 28, 2024 10:46:53 P.M. org.junit.jupiter.engine.descriptor.JupiterTestDescriptor lambda$getTags$1
WARNING: Configuration error: invalid tag syntax in @Tag("Invalid Date Inputs Test") declaration on [public void test.java.com.example.TestCases.test9()]. Tag will be ignored.
]]></system-err>
  </testcase>
  <testcase name="test11" classname="test.java.com.example.TestCases" time="0.004"/>
  <testcase name="test12" classname="test.java.com.example.TestCases" time="0.001"/>
  <testcase name="test13" classname="test.java.com.example.TestCases" time="0.001"/>
  <testcase name="test1" classname="test.java.com.example.TestCases" time="0.001"/>
  <testcase name="test2" classname="test.java.com.example.TestCases" time="0.001"/>
  <testcase name="test3" classname="test.java.com.example.TestCases" time="0.001"/>
  <testcase name="test4" classname="test.java.com.example.TestCases" time="0.001"/>
  <testcase name="test5" classname="test.java.com.example.TestCases" time="0.001"/>
  <testcase name="test6" classname="test.java.com.example.TestCases" time="0.001"/>
  <testcase name="test7" classname="test.java.com.example.TestCases" time="0.001"/>
  <testcase name="test8" classname="test.java.com.example.TestCases" time="0.001"/>
  <testcase name="test9" classname="test.java.com.example.TestCases" time="0.001"/>
</testsuite>